Build started 8/30/2012 11:44:47 PM.
     1>Project "C:\Users\domo\Desktop\Hack Stuff\ue3framework\trunk\Hooks\Sanctum Hack\SThook.vcxproj" on node 2 (build target(s)).
     1>InitializeBuildStatus:
         Creating "Release\STHack.unsuccessfulbuild" because "AlwaysCreate" was specified.
       ClCompile:
         c:\Program Files (x86)\Microsoft Visual Studio 10.0\VC\bin\CL.exe /c /I..\..\D3D9\Include /Zi /nologo /W3 /WX- /O2 /Oi /Oy- /GL /D _WINDLL /D _UNICODE /D UNICODE /Gm- /EHsc /MD /GS /Gy /fp:precise /Zc:wchar_t /Zc:forScope /Fo"Release\\" /Fd"Release\vc100.pdb" /Gd /TP /analyze- /errorReport:prompt hook.cpp /DSTSDK /DUE3_9 
         hook.cpp
     1>c:\users\domo\desktop\hack stuff\ue3framework\trunk\hooks\framework\Renders\CRender.h(129): warning C4067: unexpected tokens following preprocessor directive - expected a newline
     1>c:\users\domo\desktop\hack stuff\ue3framework\trunk\hooks\framework\Menu\MenuManager.h(111): warning C4067: unexpected tokens following preprocessor directive - expected a newline
     1>c:\users\domo\desktop\hack stuff\ue3framework\trunk\hooks\framework\Menu\MenuManager.h(193): warning C4067: unexpected tokens following preprocessor directive - expected a newline
     1>c:\users\domo\desktop\hack stuff\ue3framework\trunk\hooks\framework\Menu\MenuManager.h(91): warning C4018: '<' : signed/unsigned mismatch
     1>c:\users\domo\desktop\hack stuff\ue3framework\trunk\hooks\framework\Menu\MenuManager.h(123): warning C4018: '<' : signed/unsigned mismatch
     1>c:\users\domo\desktop\hack stuff\ue3framework\trunk\hooks\sanctum hack\..\Framework\Framework.h(136): warning C4018: '<' : signed/unsigned mismatch
       Link:
         c:\Program Files (x86)\Microsoft Visual Studio 10.0\VC\bin\link.exe /ERRORREPORT:PROMPT /OUT:"C:\Users\domo\Desktop\Hack Stuff\ue3framework\trunk\Release\STHack.dll" /NOLOGO /LIBPATH:..\..\D3D9\Lib kernel32.lib user32.lib gdi32.lib winspool.lib comdlg32.lib advapi32.lib shell32.lib ole32.lib oleaut32.lib uuid.lib odbc32.lib odbccp32.lib /MANIFEST /ManifestFile:"Release\STHack.dll.intermediate.manifest" /MANIFESTUAC:"level='asInvoker' uiAccess='false'" /DEBUG /PDB:"C:\Users\domo\Desktop\Hack Stuff\ue3framework\trunk\Release\STHack.pdb" /OPT:REF /OPT:ICF /LTCG /TLBID:1 /DYNAMICBASE /NXCOMPAT /IMPLIB:"C:\Users\domo\Desktop\Hack Stuff\ue3framework\trunk\Release\STHack.lib" /MACHINE:X86 /DLL Release\Utils.obj
         Release\vmthooks.obj
         Release\hook.obj
         Generating code
         Finished generating code
         SThook.vcxproj -> C:\Users\domo\Desktop\Hack Stuff\ue3framework\trunk\Release\STHack.dll
       Manifest:
         C:\Program Files (x86)\Microsoft SDKs\Windows\v7.0A\bin\mt.exe /nologo /verbose /outputresource:"C:\Users\domo\Desktop\Hack Stuff\ue3framework\trunk\Release\STHack.dll;#2" /manifest Release\STHack.dll.intermediate.manifest
       FinalizeBuildStatus:
         Deleting file "Release\STHack.unsuccessfulbuild".
         Touching "Release\STHack.lastbuildstate".
     1>Done Building Project "C:\Users\domo\Desktop\Hack Stuff\ue3framework\trunk\Hooks\Sanctum Hack\SThook.vcxproj" (build target(s)).

Build succeeded.

Time Elapsed 00:00:20.37
