Build started 8/30/2012 10:05:00 PM.
     1>Project "C:\Users\domo\Desktop\Hack Stuff\ue3framework\trunk\tools\help\help.vcxproj" on node 2 (build target(s)).
     1>InitializeBuildStatus:
         Creating "Release\help.unsuccessfulbuild" because "AlwaysCreate" was specified.
       ClCompile:
         c:\Program Files (x86)\Microsoft Visual Studio 10.0\VC\bin\CL.exe /c /Zi /nologo /W3 /WX- /O2 /Oi /Oy- /GL /D _MBCS /Gm- /EHsc /MD /GS /Gy /fp:precise /Zc:wchar_t /Zc:forScope /Fo"Release\\" /Fd"Release\vc100.pdb" /Gd /TP /analyze- /errorReport:prompt help.cpp
         help.cpp
     1>help.cpp(7): warning C4081: expected 'newline'; found ';'
       Link:
         c:\Program Files (x86)\Microsoft Visual Studio 10.0\VC\bin\link.exe /ERRORREPORT:PROMPT /OUT:"C:\Users\domo\Desktop\Hack Stuff\ue3framework\trunk\Release\help.exe" /NOLOGO kernel32.lib user32.lib gdi32.lib winspool.lib comdlg32.lib advapi32.lib shell32.lib ole32.lib oleaut32.lib uuid.lib odbc32.lib odbccp32.lib /MANIFEST /ManifestFile:"Release\help.exe.intermediate.manifest" /MANIFESTUAC:"level='asInvoker' uiAccess='false'" /DEBUG /PDB:"C:\Users\domo\Desktop\Hack Stuff\ue3framework\trunk\Release\help.pdb" /OPT:REF /OPT:ICF /LTCG /TLBID:1 /DYNAMICBASE /NXCOMPAT /IMPLIB:"C:\Users\domo\Desktop\Hack Stuff\ue3framework\trunk\Release\help.lib" /MACHINE:X86 Release\help.obj
         StealthInject.lib
     1>LINK : warning LNK4098: defaultlib 'LIBCMT' conflicts with use of other libs; use /NODEFAULTLIB:library
         Generating code
         Finished generating code
     1>StealthInject.lib(StealthInject.obj) : warning LNK4099: PDB 'vc70.pdb' was not found with 'StealthInject.lib(StealthInject.obj)' or at 'C:\Users\domo\Desktop\Hack Stuff\ue3framework\trunk\Release\vc70.pdb'; linking object as if no debug info
         help.vcxproj -> C:\Users\domo\Desktop\Hack Stuff\ue3framework\trunk\Release\help.exe
       Manifest:
         C:\Program Files (x86)\Microsoft SDKs\Windows\v7.0A\bin\mt.exe /nologo /verbose /outputresource:"C:\Users\domo\Desktop\Hack Stuff\ue3framework\trunk\Release\help.exe;#1" /manifest Release\help.exe.intermediate.manifest
       FinalizeBuildStatus:
         Deleting file "Release\help.unsuccessfulbuild".
         Touching "Release\help.lastbuildstate".
     1>Done Building Project "C:\Users\domo\Desktop\Hack Stuff\ue3framework\trunk\tools\help\help.vcxproj" (build target(s)).

Build succeeded.

Time Elapsed 00:00:01.43
