Build started 9/1/2012 3:01:17 AM.
     1>Project "C:\Users\domo\Desktop\Hack Stuff\ue3framework\trunk\Hooks\Framework\Framework.vcxproj" on node 2 (build target(s)).
     1>InitializeBuildStatus:
         Creating "Release\Framework.unsuccessfulbuild" because "AlwaysCreate" was specified.
       ClCompile:
         c:\Program Files (x86)\Microsoft Visual Studio 10.0\VC\bin\CL.exe /c /Zi /nologo /W3 /WX- /O2 /Oi /Oy- /GL /D _MBCS /Gm- /EHsc /MD /GS /Gy /fp:precise /Zc:wchar_t /Zc:forScope /Fo"Release\\" /Fd"Release\vc100.pdb" /Gd /TP /analyze- /errorReport:prompt Utils\Utils.cpp Utils\vmthooks.cpp
         Utils.cpp
     1>Utils\Utils.cpp(19): warning C4996: 'freopen': This function or variable may be unsafe. Consider using freopen_s instead. To disable deprecation, use _CRT_SECURE_NO_WARNINGS. See online help for details.
                 c:\Program Files (x86)\Microsoft Visual Studio 10.0\VC\include\stdio.h(249) : see declaration of 'freopen'
     1>Utils\Utils.cpp(152): warning C4996: 'vsnprintf': This function or variable may be unsafe. Consider using vsnprintf_s instead. To disable deprecation, use _CRT_SECURE_NO_WARNINGS. See online help for details.
                 c:\Program Files (x86)\Microsoft Visual Studio 10.0\VC\include\stdio.h(354) : see declaration of 'vsnprintf'
         vmthooks.cpp
       Link:
         c:\Program Files (x86)\Microsoft Visual Studio 10.0\VC\bin\link.exe /ERRORREPORT:PROMPT /OUT:"C:\Users\domo\Desktop\Hack Stuff\ue3framework\trunk\Release\Framework.exe" /NOLOGO kernel32.lib user32.lib gdi32.lib winspool.lib comdlg32.lib advapi32.lib shell32.lib ole32.lib oleaut32.lib uuid.lib odbc32.lib odbccp32.lib /MANIFEST /ManifestFile:"Release\Framework.exe.intermediate.manifest" /MANIFESTUAC:"level='asInvoker' uiAccess='false'" /DEBUG /PDB:"C:\Users\domo\Desktop\Hack Stuff\ue3framework\trunk\Release\Framework.pdb" /OPT:REF /OPT:ICF /LTCG /TLBID:1 /DYNAMICBASE /NXCOMPAT /IMPLIB:"C:\Users\domo\Desktop\Hack Stuff\ue3framework\trunk\Release\Framework.lib" /MACHINE:X86 Release\Utils.obj
         Release\vmthooks.obj
     1>LINK : fatal error LNK1561: entry point must be defined
     1>C:\Program Files (x86)\MSBuild\Microsoft.Cpp\v4.0\Platforms\Win32\Microsoft.Cpp.Win32.Targets(268,5): error MSB6006: "link.exe" exited with code 1561.
     1>Done Building Project "C:\Users\domo\Desktop\Hack Stuff\ue3framework\trunk\Hooks\Framework\Framework.vcxproj" (build target(s)) -- FAILED.

Build FAILED.

Time Elapsed 00:00:02.08
