Build started 8/30/2012 10:06:22 PM.
     1>Project "C:\Users\domo\Desktop\Hack Stuff\ue3framework\trunk\Hooks\UE2\ACHook\ACHook.vcxproj" on node 2 (build target(s)).
     1>InitializeBuildStatus:
         Creating "Release\ACHook.unsuccessfulbuild" because "AlwaysCreate" was specified.
       ClCompile:
         c:\Program Files (x86)\Microsoft Visual Studio 10.0\VC\bin\CL.exe /c /Zi /nologo /W3 /WX- /O2 /Oi /Oy- /GL /D _WINDLL /Gm- /EHsc /MD /GS /Gy /fp:precise /Zc:wchar_t /Zc:forScope /Fo"Release\\" /Fd"Release\vc100.pdb" /Gd /TP /analyze- /errorReport:prompt Hook.cpp
         Hook.cpp
       Link:
         c:\Program Files (x86)\Microsoft Visual Studio 10.0\VC\bin\link.exe /ERRORREPORT:PROMPT /OUT:"C:\Users\domo\Desktop\Hack Stuff\ue3framework\trunk\Release\ACHook.dll" /NOLOGO kernel32.lib user32.lib gdi32.lib winspool.lib comdlg32.lib advapi32.lib shell32.lib ole32.lib oleaut32.lib uuid.lib odbc32.lib odbccp32.lib /MANIFEST /ManifestFile:"Release\ACHook.dll.intermediate.manifest" /MANIFESTUAC:"level='asInvoker' uiAccess='false'" /DEBUG /PDB:"C:\Users\domo\Desktop\Hack Stuff\ue3framework\trunk\Release\ACHook.pdb" /OPT:REF /OPT:ICF /LTCG /TLBID:1 /DYNAMICBASE /NXCOMPAT /IMPLIB:"C:\Users\domo\Desktop\Hack Stuff\ue3framework\trunk\Release\ACHook.lib" /MACHINE:X86 /DLL Release\Hook.obj
         Generating code
         Finished generating code
         ACHook.vcxproj -> C:\Users\domo\Desktop\Hack Stuff\ue3framework\trunk\Release\ACHook.dll
       Manifest:
         C:\Program Files (x86)\Microsoft SDKs\Windows\v7.0A\bin\mt.exe /nologo /verbose /outputresource:"C:\Users\domo\Desktop\Hack Stuff\ue3framework\trunk\Release\ACHook.dll;#2" /manifest Release\ACHook.dll.intermediate.manifest
       FinalizeBuildStatus:
         Deleting file "Release\ACHook.unsuccessfulbuild".
         Touching "Release\ACHook.lastbuildstate".
     1>Done Building Project "C:\Users\domo\Desktop\Hack Stuff\ue3framework\trunk\Hooks\UE2\ACHook\ACHook.vcxproj" (build target(s)).

Build succeeded.

Time Elapsed 00:00:01.77
