Build started 9/1/2012 12:03:26 AM.
     1>Project "C:\Users\domo\Desktop\Hack Stuff\ue3framework\trunk\Hooks\Mass Effect 3 Hack\ME3hook.vcxproj" on node 2 (build target(s)).
     1>InitializeBuildStatus:
         Creating "Release\ME3Hack.unsuccessfulbuild" because "AlwaysCreate" was specified.
       ClCompile:
         c:\Program Files (x86)\Microsoft Visual Studio 10.0\VC\bin\CL.exe /c /Zi /nologo /W3 /WX- /O2 /Oi /Oy- /GL /D _WINDLL /D _UNICODE /D UNICODE /Gm- /EHsc /MD /GS /Gy /fp:precise /Zc:wchar_t /Zc:forScope /Fo"Release\\" /Fd"Release\vc100.pdb" /Gd /TP /analyze- /errorReport:prompt hook.cpp vmthooks.cpp
         hook.cpp
     1>c:\users\domo\desktop\hack stuff\ue3framework\trunk\hooks\mass effect 3 hack\Framework.h(139): warning C4996: 'vswprintf': swprintf has been changed to conform with the ISO C standard, adding an extra character count parameter. To use traditional Microsoft swprintf, set _CRT_NON_CONFORMING_SWPRINTFS.
                 c:\Program Files (x86)\Microsoft Visual Studio 10.0\VC\include\swprintf.inl(97) : see declaration of 'vswprintf'
     1>c:\users\domo\desktop\hack stuff\ue3framework\trunk\hooks\mass effect 3 hack\Framework.h(234): warning C4244: 'return' : conversion from 'float' to 'int', possible loss of data
     1>c:\users\domo\desktop\hack stuff\ue3framework\trunk\hooks\mass effect 3 hack\Framework.h(241): warning C4244: 'initializing' : conversion from 'double' to 'FLOAT', possible loss of data
     1>c:\users\domo\desktop\hack stuff\ue3framework\trunk\hooks\mass effect 3 hack\Framework.h(242): warning C4244: 'initializing' : conversion from 'double' to 'FLOAT', possible loss of data
     1>c:\users\domo\desktop\hack stuff\ue3framework\trunk\hooks\mass effect 3 hack\Framework.h(469): warning C4996: 'vsnprintf': This function or variable may be unsafe. Consider using vsnprintf_s instead. To disable deprecation, use _CRT_SECURE_NO_WARNINGS. See online help for details.
                 c:\Program Files (x86)\Microsoft Visual Studio 10.0\VC\include\stdio.h(354) : see declaration of 'vsnprintf'
     1>c:\users\domo\desktop\hack stuff\ue3framework\trunk\hooks\mass effect 3 hack\Framework.h(505): warning C4244: '=' : conversion from 'int' to 'float', possible loss of data
     1>c:\users\domo\desktop\hack stuff\ue3framework\trunk\hooks\mass effect 3 hack\Framework.h(506): warning C4244: '=' : conversion from 'int' to 'float', possible loss of data
     1>c:\users\domo\desktop\hack stuff\ue3framework\trunk\hooks\mass effect 3 hack\Framework.h(509): warning C4244: 'argument' : conversion from 'int' to 'float', possible loss of data
     1>c:\users\domo\desktop\hack stuff\ue3framework\trunk\hooks\mass effect 3 hack\Framework.h(509): warning C4244: 'argument' : conversion from 'int' to 'float', possible loss of data
     1>c:\users\domo\desktop\hack stuff\ue3framework\trunk\hooks\mass effect 3 hack\Framework.h(522): warning C4244: 'argument' : conversion from 'int' to 'float', possible loss of data
     1>c:\users\domo\desktop\hack stuff\ue3framework\trunk\hooks\mass effect 3 hack\Framework.h(522): warning C4244: 'argument' : conversion from 'int' to 'float', possible loss of data
     1>c:\users\domo\desktop\hack stuff\ue3framework\trunk\hooks\mass effect 3 hack\Framework.h(522): warning C4244: 'argument' : conversion from 'int' to 'float', possible loss of data
     1>c:\users\domo\desktop\hack stuff\ue3framework\trunk\hooks\mass effect 3 hack\Framework.h(522): warning C4244: 'argument' : conversion from 'int' to 'float', possible loss of data
     1>c:\users\domo\desktop\hack stuff\ue3framework\trunk\hooks\mass effect 3 hack\Framework.h(523): warning C4244: 'argument' : conversion from 'int' to 'float', possible loss of data
     1>c:\users\domo\desktop\hack stuff\ue3framework\trunk\hooks\mass effect 3 hack\Framework.h(523): warning C4244: 'argument' : conversion from 'int' to 'float', possible loss of data
     1>c:\users\domo\desktop\hack stuff\ue3framework\trunk\hooks\mass effect 3 hack\Framework.h(526): warning C4244: 'argument' : conversion from 'int' to 'float', possible loss of data
     1>c:\users\domo\desktop\hack stuff\ue3framework\trunk\hooks\mass effect 3 hack\Framework.h(526): warning C4244: 'argument' : conversion from 'int' to 'float', possible loss of data
     1>c:\users\domo\desktop\hack stuff\ue3framework\trunk\hooks\mass effect 3 hack\Framework.h(544): warning C4244: 'argument' : conversion from 'int' to 'float', possible loss of data
     1>c:\users\domo\desktop\hack stuff\ue3framework\trunk\hooks\mass effect 3 hack\Framework.h(544): warning C4244: 'argument' : conversion from 'int' to 'float', possible loss of data
     1>hook.cpp(110): warning C4996: 'strcpy': This function or variable may be unsafe. Consider using strcpy_s instead. To disable deprecation, use _CRT_SECURE_NO_WARNINGS. See online help for details.
                 c:\Program Files (x86)\Microsoft Visual Studio 10.0\VC\include\string.h(105) : see declaration of 'strcpy'
         vmthooks.cpp
       Link:
         c:\Program Files (x86)\Microsoft Visual Studio 10.0\VC\bin\link.exe /ERRORREPORT:PROMPT /OUT:"C:\Users\domo\Desktop\Hack Stuff\ue3framework\trunk\Release\ME3Hack.dll" /NOLOGO kernel32.lib user32.lib gdi32.lib winspool.lib comdlg32.lib advapi32.lib shell32.lib ole32.lib oleaut32.lib uuid.lib odbc32.lib odbccp32.lib /MANIFEST /ManifestFile:"Release\ME3Hack.dll.intermediate.manifest" /MANIFESTUAC:"level='asInvoker' uiAccess='false'" /DEBUG /PDB:"C:\Users\domo\Desktop\Hack Stuff\ue3framework\trunk\Release\ME3Hack.pdb" /OPT:REF /OPT:ICF /LTCG /TLBID:1 /DYNAMICBASE /NXCOMPAT /IMPLIB:"C:\Users\domo\Desktop\Hack Stuff\ue3framework\trunk\Release\ME3Hack.lib" /MACHINE:X86 /DLL Release\hook.obj
         Release\vmthooks.obj
         Generating code
         Finished generating code
         ME3hook.vcxproj -> C:\Users\domo\Desktop\Hack Stuff\ue3framework\trunk\Release\ME3Hack.dll
       Manifest:
         C:\Program Files (x86)\Microsoft SDKs\Windows\v7.0A\bin\mt.exe /nologo /verbose /outputresource:"C:\Users\domo\Desktop\Hack Stuff\ue3framework\trunk\Release\ME3Hack.dll;#2" /manifest Release\ME3Hack.dll.intermediate.manifest
       FinalizeBuildStatus:
         Deleting file "Release\ME3Hack.unsuccessfulbuild".
         Touching "Release\ME3Hack.lastbuildstate".
     1>Done Building Project "C:\Users\domo\Desktop\Hack Stuff\ue3framework\trunk\Hooks\Mass Effect 3 Hack\ME3hook.vcxproj" (build target(s)).

Build succeeded.

Time Elapsed 00:00:34.48
